<?xml version="1.0" encoding="UTF-8"?>
<!-- Generated by org.testng.reporters.JUnitXMLReporter -->
<testsuite ignored="0" hostname="LAPTOP-CV46QDVC" failures="1" tests="3" name="Test" time="16.58" errors="0" timestamp="2023-11-24T00:40:43 IST">
  <testcase classname="com.selenium.scenarios.Search" name="verifySearchWithValidProduct" time="0.585"/>
  <testcase classname="com.selenium.scenarios.Search" name="verifySearchWithInvalidProduct" time="0.432">
    <failure type="java.lang.AssertionError" message="&amp;apos;No product that matches the search criteria&amp;apos; message is not displayed expected [true] but found [false]">
      <![CDATA[java.lang.AssertionError: 'No product that matches the search criteria' message is not displayed expected [true] but found [false]
at com.selenium.pages.SearchPage.verifyDisplayStatusOfInvalidProduct(SearchPage.java:27)
at com.selenium.scenarios.Search.verifySearchWithInvalidProduct(Search.java:50)
at java.base/java.util.ArrayList.forEach(ArrayList.java:1511)
... Removed 30 stack frames]]>
    </failure>
  </testcase> <!-- verifySearchWithInvalidProduct -->
  <testcase classname="com.selenium.scenarios.Search" name="verifySearchWithoutAnyProduct" time="0.0">
    <skipped/>
  </testcase> <!-- verifySearchWithoutAnyProduct -->
</testsuite> <!-- Test -->
