<?xml version="1.0" encoding="UTF-8"?>
<testng-results ignored="0" total="3" passed="1" failed="1" skipped="1">
  <reporter-output>
  </reporter-output>
  <suite started-at="2023-11-24T00:40:25 IST" name="Suite" finished-at="2023-11-24T00:40:42 IST" duration-ms="16580">
    <groups>
    </groups>
    <test started-at="2023-11-24T00:40:25 IST" name="Test" finished-at="2023-11-24T00:40:42 IST" duration-ms="16580">
      <class name="com.selenium.scenarios.Search">
        <test-method is-config="true" signature="startUp()[pri:0, instance:com.selenium.scenarios.Search@130d63be]" started-at="2023-11-24T00:40:26 IST" name="startUp" finished-at="2023-11-24T00:40:33 IST" duration-ms="6913" status="PASS">
          <reporter-output>
          </reporter-output>
        </test-method> <!-- startUp -->
        <test-method signature="verifySearchWithValidProduct()[pri:1, instance:com.selenium.scenarios.Search@130d63be]" started-at="2023-11-24T00:40:33 IST" name="verifySearchWithValidProduct" finished-at="2023-11-24T00:40:33 IST" duration-ms="585" status="PASS">
          <reporter-output>
          </reporter-output>
        </test-method> <!-- verifySearchWithValidProduct -->
        <test-method is-config="true" signature="quitBrowser()[pri:0, instance:com.selenium.scenarios.Search@130d63be]" started-at="2023-11-24T00:40:33 IST" name="quitBrowser" finished-at="2023-11-24T00:40:35 IST" duration-ms="1949" status="PASS">
          <reporter-output>
          </reporter-output>
        </test-method> <!-- quitBrowser -->
        <test-method is-config="true" signature="startUp()[pri:0, instance:com.selenium.scenarios.Search@130d63be]" started-at="2023-11-24T00:40:35 IST" name="startUp" finished-at="2023-11-24T00:40:40 IST" duration-ms="4912" status="PASS">
          <reporter-output>
          </reporter-output>
        </test-method> <!-- startUp -->
        <test-method signature="verifySearchWithInvalidProduct()[pri:2, instance:com.selenium.scenarios.Search@130d63be]" started-at="2023-11-24T00:40:40 IST" name="verifySearchWithInvalidProduct" finished-at="2023-11-24T00:40:40 IST" duration-ms="432" status="FAIL">
          <exception class="java.lang.AssertionError">
            <message>
              <![CDATA['No product that matches the search criteria' message is not displayed expected [true] but found [false]]]>
            </message>
            <full-stacktrace>
              <![CDATA[java.lang.AssertionError: 'No product that matches the search criteria' message is not displayed expected [true] but found [false]
at org.testng.Assert.fail(Assert.java:111)
at org.testng.Assert.failNotEquals(Assert.java:1578)
at org.testng.Assert.assertTrue(Assert.java:57)
at com.selenium.pages.SearchPage.verifyDisplayStatusOfInvalidProduct(SearchPage.java:27)
at com.selenium.scenarios.Search.verifySearchWithInvalidProduct(Search.java:50)
at java.base/jdk.internal.reflect.NativeMethodAccessorImpl.invoke0(Native Method)
at java.base/jdk.internal.reflect.NativeMethodAccessorImpl.invoke(NativeMethodAccessorImpl.java:77)
at java.base/jdk.internal.reflect.DelegatingMethodAccessorImpl.invoke(DelegatingMethodAccessorImpl.java:43)
at java.base/java.lang.reflect.Method.invoke(Method.java:568)
at org.testng.internal.invokers.MethodInvocationHelper.invokeMethod(MethodInvocationHelper.java:139)
at org.testng.internal.invokers.TestInvoker.invokeMethod(TestInvoker.java:664)
at org.testng.internal.invokers.TestInvoker.invokeTestMethod(TestInvoker.java:227)
at org.testng.internal.invokers.MethodRunner.runInSequence(MethodRunner.java:50)
at org.testng.internal.invokers.TestInvoker$MethodInvocationAgent.invoke(TestInvoker.java:957)
at org.testng.internal.invokers.TestInvoker.invokeTestMethods(TestInvoker.java:200)
at org.testng.internal.invokers.TestMethodWorker.invokeTestMethods(TestMethodWorker.java:148)
at org.testng.internal.invokers.TestMethodWorker.run(TestMethodWorker.java:128)
at java.base/java.util.ArrayList.forEach(ArrayList.java:1511)
at org.testng.TestRunner.privateRun(TestRunner.java:848)
at org.testng.TestRunner.run(TestRunner.java:621)
at org.testng.SuiteRunner.runTest(SuiteRunner.java:443)
at org.testng.SuiteRunner.runSequentially(SuiteRunner.java:437)
at org.testng.SuiteRunner.privateRun(SuiteRunner.java:397)
at org.testng.SuiteRunner.run(SuiteRunner.java:336)
at org.testng.SuiteRunnerWorker.runSuite(SuiteRunnerWorker.java:52)
at org.testng.SuiteRunnerWorker.run(SuiteRunnerWorker.java:95)
at org.testng.TestNG.runSuitesSequentially(TestNG.java:1280)
at org.testng.TestNG.runSuitesLocally(TestNG.java:1200)
at org.testng.TestNG.runSuites(TestNG.java:1114)
at org.testng.TestNG.run(TestNG.java:1082)
at org.testng.remote.AbstractRemoteTestNG.run(AbstractRemoteTestNG.java:115)
at org.testng.remote.RemoteTestNG.initAndRun(RemoteTestNG.java:251)
at org.testng.remote.RemoteTestNG.main(RemoteTestNG.java:77)
]]>
            </full-stacktrace>
          </exception> <!-- java.lang.AssertionError -->
          <reporter-output>
          </reporter-output>
        </test-method> <!-- verifySearchWithInvalidProduct -->
        <test-method is-config="true" signature="quitBrowser()[pri:0, instance:com.selenium.scenarios.Search@130d63be]" started-at="2023-11-24T00:40:41 IST" name="quitBrowser" finished-at="2023-11-24T00:40:42 IST" duration-ms="1226" status="PASS">
          <reporter-output>
          </reporter-output>
        </test-method> <!-- quitBrowser -->
        <test-method signature="verifySearchWithoutAnyProduct()[pri:3, instance:com.selenium.scenarios.Search@130d63be]" started-at="2023-11-24T00:40:42 IST" name="verifySearchWithoutAnyProduct" finished-at="2023-11-24T00:40:42 IST" depends-on-methods="com.selenium.scenarios.Search.verifySearchWithInvalidProduct" duration-ms="0" status="SKIP">
          <exception class="java.lang.Throwable">
            <message>
              <![CDATA[Method com.selenium.scenarios.Search.verifySearchWithoutAnyProduct() on instance com.selenium.scenarios.Search@130d63be depends on not successfully finished methods 
[com.selenium.scenarios.Search.verifySearchWithInvalidProduct() on instance com.selenium.scenarios.Search@130d63be]]]>
            </message>
            <full-stacktrace>
              <![CDATA[java.lang.Throwable: Method com.selenium.scenarios.Search.verifySearchWithoutAnyProduct() on instance com.selenium.scenarios.Search@130d63be depends on not successfully finished methods 
[com.selenium.scenarios.Search.verifySearchWithInvalidProduct() on instance com.selenium.scenarios.Search@130d63be]
at org.testng.internal.invokers.TestInvoker.invokeTestMethods(TestInvoker.java:156)
at org.testng.internal.invokers.TestMethodWorker.invokeTestMethods(TestMethodWorker.java:148)
at org.testng.internal.invokers.TestMethodWorker.run(TestMethodWorker.java:128)
at java.base/java.util.ArrayList.forEach(ArrayList.java:1511)
at org.testng.TestRunner.privateRun(TestRunner.java:848)
at org.testng.TestRunner.run(TestRunner.java:621)
at org.testng.SuiteRunner.runTest(SuiteRunner.java:443)
at org.testng.SuiteRunner.runSequentially(SuiteRunner.java:437)
at org.testng.SuiteRunner.privateRun(SuiteRunner.java:397)
at org.testng.SuiteRunner.run(SuiteRunner.java:336)
at org.testng.SuiteRunnerWorker.runSuite(SuiteRunnerWorker.java:52)
at org.testng.SuiteRunnerWorker.run(SuiteRunnerWorker.java:95)
at org.testng.TestNG.runSuitesSequentially(TestNG.java:1280)
at org.testng.TestNG.runSuitesLocally(TestNG.java:1200)
at org.testng.TestNG.runSuites(TestNG.java:1114)
at org.testng.TestNG.run(TestNG.java:1082)
at org.testng.remote.AbstractRemoteTestNG.run(AbstractRemoteTestNG.java:115)
at org.testng.remote.RemoteTestNG.initAndRun(RemoteTestNG.java:251)
at org.testng.remote.RemoteTestNG.main(RemoteTestNG.java:77)
]]>
            </full-stacktrace>
          </exception> <!-- java.lang.Throwable -->
          <reporter-output>
          </reporter-output>
        </test-method> <!-- verifySearchWithoutAnyProduct -->
      </class> <!-- com.selenium.scenarios.Search -->
    </test> <!-- Test -->
  </suite> <!-- Suite -->
</testng-results>
